Log file open, 02/25/19 07:55:25
LogWindows: Failed to load 'aqProf.dll' (GetLastError=126)
LogWindows: File 'aqProf.dll' does not exist
LogWindows: Failed to load 'VSPerf140.dll' (GetLastError=126)
LogWindows: File 'VSPerf140.dll' does not exist
LogWindows: Failed to load 'VtuneApi.dll' (GetLastError=126)
LogWindows: File 'VtuneApi.dll' does not exist
LogWindows: Failed to load 'VtuneApi32e.dll' (GetLastError=126)
LogWindows: File 'VtuneApi32e.dll' does not exist
LogInit: Display: Running engine for game: BPBeginnerDemo
LogPlatformFile: Not using cached read wrapper
LogTaskGraph: Started task graph with 5 named threads and 11 total threads with 3 sets of task threads.
LogStats: Stats thread started at 14.185437
LogD3D11RHI: Loaded GFSDK_Aftermath_Lib.x64.dll
LogICUInternationalization: Display: ICU TimeZone Detection - Raw Offset: -5:00, Platform Override: ''
LogConfig: Warning: Failed to saved backup for config[Engine]
LogConfig: Warning: Failed to saved backup for config[Editor]
LogConfig: Warning: Failed to saved backup for config[EditorPerProjectUserSettings]
LogConfig: Warning: Failed to saved backup for config[EditorKeyBindings]
LogConfig: Warning: Failed to saved backup for config[Compat]
LogConfig: Warning: Failed to saved backup for config[Lightmass]
LogPluginManager: Mounting plugin Paper2D
LogConfig: Warning: Failed to saved backup for config[Paper2D]
LogPluginManager: Mounting plugin AISupport
LogPluginManager: Mounting plugin LightPropagationVolume
LogPluginManager: Mounting plugin CLionSourceCodeAccess
LogPluginManager: Mounting plugin CodeLiteSourceCodeAccess
LogPluginManager: Mounting plugin GitSourceControl
LogPluginManager: Mounting plugin KDevelopSourceCodeAccess
LogPluginManager: Mounting plugin NullSourceCodeAccess
LogPluginManager: Mounting plugin PerforceSourceControl
LogConfig: Warning: Failed to saved backup for config[PerforceSourceControl]
LogPluginManager: Mounting plugin SubversionSourceControl
LogConfig: Warning: Failed to saved backup for config[SubversionSourceControl]
LogPluginManager: Mounting plugin UObjectPlugin
LogPluginManager: Mounting plugin VisualStudioCodeSourceCodeAccess
LogPluginManager: Mounting plugin VisualStudioSourceCodeAccess
LogPluginManager: Mounting plugin XCodeSourceCodeAccess
LogPluginManager: Mounting plugin AssetManagerEditor
LogPluginManager: Mounting plugin CryptoKeys
LogPluginManager: Mounting plugin DataValidation
LogConfig: Warning: Failed to saved backup for config[DataValidation]
LogPluginManager: Mounting plugin FacialAnimation
LogPluginManager: Mounting plugin GameplayTagsEditor
LogPluginManager: Mounting plugin MacGraphicsSwitching
LogPluginManager: Mounting plugin MeshEditor
LogConfig: Warning: Failed to saved backup for config[MeshEditor]
LogPluginManager: Mounting plugin MobileLauncherProfileWizard
LogPluginManager: Mounting plugin PluginBrowser
LogPluginManager: Mounting plugin SpeedTreeImporter
LogPluginManager: Mounting plugin DatasmithContent
LogPluginManager: Mounting plugin AlembicImporter
LogPluginManager: Mounting plugin AppleImageUtils
LogPluginManager: Mounting plugin AppleVision
LogPluginManager: Mounting plugin BackChannel
LogPluginManager: Mounting plugin CharacterAI
LogPluginManager: Mounting plugin GeometryCache
LogPluginManager: Mounting plugin HTML5Networking
LogPluginManager: Mounting plugin ProxyLODPlugin
LogPluginManager: Mounting plugin MagicLeap
LogPluginManager: Mounting plugin MagicLeapEmulator
LogPluginManager: Mounting plugin MagicLeapMedia
LogPluginManager: Mounting plugin AndroidMedia
LogPluginManager: Mounting plugin AvfMedia
LogPluginManager: Mounting plugin ImgMedia
LogPluginManager: Mounting plugin LinearTimecode
LogPluginManager: Mounting plugin MediaCompositing
LogPluginManager: Mounting plugin MediaPlayerEditor
LogPluginManager: Mounting plugin WmfMedia
LogPluginManager: Mounting plugin TcpMessaging
LogPluginManager: Mounting plugin UdpMessaging
LogConfig: Warning: Failed to saved backup for config[UdpMessaging]
LogPluginManager: Mounting plugin ActorSequence
LogPluginManager: Mounting plugin LevelSequenceEditor
LogPluginManager: Mounting plugin MatineeToLevelSequence
LogPluginManager: Mounting plugin NetcodeUnitTest
LogPluginManager: Mounting plugin NUTUnrealEngine4
LogPluginManager: Mounting plugin OnlineSubsystemGooglePlay
LogPluginManager: Mounting plugin OnlineSubsystemIOS
LogPluginManager: Mounting plugin OnlineSubsystem
LogPluginManager: Mounting plugin OnlineSubsystemNull
LogPluginManager: Mounting plugin OnlineSubsystemUtils
LogPluginManager: Mounting plugin LauncherChunkInstaller
LogConfig: Warning: Failed to saved backup for config[LauncherChunkInstaller]
LogPluginManager: Mounting plugin AndroidDeviceProfileSelector
LogConfig: Warning: Failed to saved backup for config[AndroidDeviceProfileSelector]
LogPluginManager: Mounting plugin AndroidMoviePlayer
LogPluginManager: Mounting plugin AndroidPermission
LogPluginManager: Mounting plugin AppleMoviePlayer
LogPluginManager: Mounting plugin ArchVisCharacter
LogPluginManager: Mounting plugin AudioCapture
LogPluginManager: Mounting plugin CableComponent
LogPluginManager: Mounting plugin CustomMeshComponent
LogConfig: Warning: Failed to saved backup for config[CustomMeshComponent]
LogPluginManager: Mounting plugin EditableMesh
LogPluginManager: Mounting plugin ExampleDeviceProfileSelector
LogPluginManager: Mounting plugin GoogleCloudMessaging
LogPluginManager: Mounting plugin ImmediatePhysics
LogPluginManager: Mounting plugin IOSDeviceProfileSelector
LogPluginManager: Mounting plugin LinuxDeviceProfileSelector
LogPluginManager: Mounting plugin LocationServicesBPLibrary
LogConfig: Warning: Failed to saved backup for config[LocationServicesBPLibrary]
LogPluginManager: Mounting plugin MobilePatchingUtils
LogConfig: Warning: Failed to saved backup for config[MobilePatchingUtils]
LogPluginManager: Mounting plugin OculusVR
LogPluginManager: Plugin shader directory ../../../Engine/Plugins/Runtime/Oculus/OculusVR/Shaders found
LogPluginManager: Mapping shader source directory ../../../Engine/Plugins/Runtime/Oculus/OculusVR/Shaders to virtual directory /Plugin/OculusVR
LogConfig: Warning: Failed to saved backup for config[OculusVR]
LogPluginManager: Mounting plugin PhysXVehicles
LogPluginManager: Mounting plugin ProceduralMeshComponent
LogPluginManager: Mounting plugin RuntimePhysXCooking
LogPluginManager: Mounting plugin SteamVR
LogPluginManager: Mounting plugin WindowsMoviePlayer
LogStreaming: Display: Took  1.504s to configure plugins.
LogInit: Using libcurl 7.55.1-DEV
LogInit:  - built for x86_64-pc-win32
LogInit:  - supports SSL with OpenSSL/1.0.2h
LogInit:  - supports HTTP deflate (compression) using libz 1.2.8
LogInit:  - other features:
LogInit:      CURL_VERSION_SSL
LogInit:      CURL_VERSION_LIBZ
LogInit:      CURL_VERSION_IPV6
LogInit:      CURL_VERSION_ASYNCHDNS
LogInit:      CURL_VERSION_LARGEFILE
LogInit:      CURL_VERSION_IDN
LogInit:  CurlRequestOptions (configurable via config and command line):
LogInit:  - bVerifyPeer = false  - Libcurl will NOT verify peer certificate
LogInit:  - bUseHttpProxy = false  - Libcurl will NOT use HTTP proxy
LogInit:  - bDontReuseConnections = false  - Libcurl will reuse connections
LogInit:  - CertBundlePath = nullptr  - Libcurl will use whatever was configured at build time.
LogInit:  - MaxHostConnections = 16  - Libcurl will limit the number of connections to a host
LogInit:  - LocalHostAddr = Default
LogInit:  - BufferSize = 65536
LogInit: WinSock: version 1.1 (2.2), MaxSocks=32767, MaxUdp=65467
LogInit: Build: ++UE4+Release-4.20-CL-4302132
LogInit: Engine Version: 4.20.2-4302132+++UE4+Release-4.20
LogInit: Compatible Engine Version: 4.20.0-4212847+++UE4+Release-4.20
LogInit: Net CL: 4212847
LogInit: OS: Windows 10 (), CPU: Intel(R) Core(TM) i5-5200U CPU @ 2.20GHz, GPU: Intel(R) HD Graphics 5500
LogInit: Compiled (64-bit): Aug 21 2018 02:06:06
LogInit: Compiled with Visual C++: 19.13.26129.00
LogInit: Build Configuration: Development
LogInit: Branch Name: ++UE4+Release-4.20
LogInit: Command Line:  
LogInit: Base Directory: C:/Program Files/Epic Games/UE_4.20/Engine/Binaries/Win64/
LogInit: Installed Engine Build: 1
LogDevObjectVersion: Number of dev versions registered: 20
LogDevObjectVersion:   Dev-Blueprints (B0D832E4-1F89-4F0D-ACCF-7EB736FD4AA2): 10
LogDevObjectVersion:   Dev-Build (E1C64328-A22C-4D53-A36C-8E866417BD8C): 0
LogDevObjectVersion:   Dev-Core (375EC13C-06E4-48FB-B500-84F0262A717E): 2
LogDevObjectVersion:   Dev-Editor (E4B068ED-F494-42E9-A231-DA0B2E46BB41): 24
LogDevObjectVersion:   Dev-Framework (CFFC743F-43B0-4480-9391-14DF171D2073): 34
LogDevObjectVersion:   Dev-Mobile (B02B49B5-BB20-44E9-A304-32B752E40360): 2
LogDevObjectVersion:   Dev-Networking (A4E4105C-59A1-49B5-A7C5-40C4547EDFEE): 0
LogDevObjectVersion:   Dev-Online (39C831C9-5AE6-47DC-9A44-9C173E1C8E7C): 0
LogDevObjectVersion:   Dev-Physics (78F01B33-EBEA-4F98-B9B4-84EACCB95AA2): 0
LogDevObjectVersion:   Dev-Platform (6631380F-2D4D-43E0-8009-CF276956A95A): 0
LogDevObjectVersion:   Dev-Rendering (12F88B9F-8875-4AFC-A67C-D90C383ABD29): 26
LogDevObjectVersion:   Dev-Sequencer (7B5AE74C-D270-4C10-A958-57980B212A5A): 9
LogDevObjectVersion:   Dev-VR (D7296918-1DD6-4BDD-9DE2-64A83CC13884): 2
LogDevObjectVersion:   Dev-LoadTimes (C2A15278-BFE7-4AFE-6C17-90FF531DF755): 1
LogDevObjectVersion:   Private-Geometry (6EACA3D4-40EC-4CC1-B786-8BED09428FC5): 3
LogDevObjectVersion:   Dev-AnimPhys (29E575DD-E0A3-4627-9D10-D276232CDCEA): 17
LogDevObjectVersion:   Dev-ReflectionCapture (6B266CEC-1EC7-4B8F-A30B-E4D90942FC07): 1
LogDevObjectVersion:   Dev-Automation (0DF73D61-A23F-47EA-B727-89E90C41499A): 1
LogDevObjectVersion:   FortniteMain (601D1886-AC64-4F84-AA16-D3DE0DEAC7D6): 12
LogDevObjectVersion:   Dev-Enterprise (9DFFBCD6-494F-0158-E221-12823C92A888): 1
LogStreaming: Display: Took  0.038s to delete old logs.
LogInit: Presizing for max 8388607 objects, including 0 objects not considered by GC, pre-allocating 0 bytes for permanent pool.
LogInit: Object subsystem initialized
[2019.02.25-12.55.36:049][  0]LogInit: Selected Device Profile: [Windows]
[2019.02.25-12.55.36:066][  0]LogInit: Applying CVar settings loaded from the selected device profile: [Windows]
[2019.02.25-12.55.36:213][  0]LogHAL: Display: Platform has ~ 8 GB [8495546368 / 8589934592 / 8], which maps to Default [LargestMinGB=32, LargerMinGB=12, DefaultMinGB=8, SmallerMinGB=6, SmallestMinGB=0)
[2019.02.25-12.55.36:225][  0]LogInit: Setting Device Profile CVar: [[r.Vulkan.UseRealUBs:1]]
[2019.02.25-12.55.36:230][  0]LogInit: Going up to parent DeviceProfile []
[2019.02.25-12.55.36:296][  0]LogInit: Computer: SRAJ-LT
[2019.02.25-12.55.36:296][  0]LogInit: User: visva
[2019.02.25-12.55.36:297][  0]LogInit: CPU Page size=4096, Cores=2
[2019.02.25-12.55.36:297][  0]LogInit: High frequency timer resolution =2.143477 MHz
[2019.02.25-12.55.36:297][  0]LogMemory: Memory total: Physical=7.9GB (8GB approx)
[2019.02.25-12.55.36:297][  0]LogMemory: Platform Memory Stats for Windows
[2019.02.25-12.55.36:297][  0]LogMemory: Process Physical Memory: 99.16 MB used, 99.16 MB peak
[2019.02.25-12.55.36:297][  0]LogMemory: Process Virtual Memory: 90.64 MB used, 90.64 MB peak
[2019.02.25-12.55.36:297][  0]LogMemory: Physical Memory: 6119.58 MB used,  1982.40 MB free, 8101.98 MB total
[2019.02.25-12.55.36:297][  0]LogMemory: Virtual Memory: 4627.87 MB used,  1982.40 MB free, 134217728.00 MB total
[2019.02.25-12.55.43:225][  0]LogInit: Using OS detected language (en-US).
[2019.02.25-12.55.43:226][  0]LogInit: Using OS detected locale (en-US).
[2019.02.25-12.55.43:674][  0]LogTextLocalizationManager: No specific localization for 'en-US' exists, so the 'en' localization will be used.
[2019.02.25-12.55.59:861][  0]LogStreaming: Display: Took 16.500s to InitEngineTextLocalization.
[2019.02.25-12.55.59:921][  0]LogInit: Setting process to per monitor DPI aware
[2019.02.25-12.56.03:485][  0]LogSlate: New Slate User Created.  User Index 0, Is Virtual User: 0
[2019.02.25-12.56.03:485][  0]LogSlate: Slate User Registered.  User Index 0, Is Virtual User: 0
[2019.02.25-12.56.33:195][  0]LogHMD: Failed to initialize OpenVR with code 110
[2019.02.25-12.56.33:195][  0]LogD3D11RHI: D3D11 adapters:
[2019.02.25-12.56.33:206][  0]LogD3D11RHI:    0. 'Intel(R) HD Graphics 5500' (Feature Level 11_0)
[2019.02.25-12.56.33:206][  0]LogD3D11RHI:       128/0/4050 MB DedicatedVideo/DedicatedSystem/SharedSystem, Outputs:1, VendorId:0x8086
[2019.02.25-12.56.33:209][  0]LogD3D11RHI:    1. 'Microsoft Basic Render Driver' (Feature Level 11_0)
[2019.02.25-12.56.33:209][  0]LogD3D11RHI:       0/0/4050 MB DedicatedVideo/DedicatedSystem/SharedSystem, Outputs:0, VendorId:0x1414
[2019.02.25-12.56.33:209][  0]LogD3D11RHI: Chosen D3D11 Adapter: 0
[2019.02.25-12.56.33:229][  0]LogD3D11RHI: Creating new Direct3DDevice
[2019.02.25-12.56.33:229][  0]LogD3D11RHI:     GPU DeviceId: 0x1616 (for the marketing name, search the web for "GPU Device Id")
[2019.02.25-12.56.33:229][  0]LogWindows: EnumDisplayDevices:
[2019.02.25-12.56.33:229][  0]LogWindows:    0. 'Intel(R) HD Graphics 5500' (P:1 D:1)
[2019.02.25-12.56.33:230][  0]LogWindows:    1. 'Intel(R) HD Graphics 5500' (P:0 D:0)
[2019.02.25-12.56.33:231][  0]LogWindows:    2. 'Intel(R) HD Graphics 5500' (P:0 D:0)
[2019.02.25-12.56.33:231][  0]LogWindows: DebugString: FoundDriverCount:3 
[2019.02.25-12.56.33:231][  0]LogD3D11RHI:     Adapter Name: Intel(R) HD Graphics 5500
[2019.02.25-12.56.33:231][  0]LogD3D11RHI:   Driver Version: 20.19.15.4835 (internal:20.19.15.4835, unified:20.19.15.4835)
[2019.02.25-12.56.33:231][  0]LogD3D11RHI:      Driver Date: 10-16-2017
[2019.02.25-12.56.33:231][  0]LogRHI: Texture pool is 1507 MB (70% of 2153 MB)
[2019.02.25-12.56.33:238][  0]LogD3D11RHI: Async texture creation enabled
[2019.02.25-12.56.33:248][  0]LogD3D11RHI: GPU Timing Frequency: 12.500000 (Debug: 2 0)
[2019.02.25-12.56.33:250][  0]LogShaderCompilers: Guid format shader working directory is -25 characters bigger than the processId version (../../../../../../Users/visva/Documents/Unreal Projects/BPBeginnerDemo/Intermediate/Shaders/WorkingDirectory/24784/).
[2019.02.25-12.56.33:250][  0]LogShaderCompilers: Cleaned the shader compiler working directory 'C:/Users/visva/AppData/Local/Temp/UnrealShaderWorkingDir/8D7E5BD74921778FF8EF6FA73AA2D03D/'.
[2019.02.25-12.56.33:998][  0]LogTemp: Display: Loaded TP AllDesktopTargetPlatform
[2019.02.25-12.56.34:100][  0]LogTemp: Display: Loaded TP MacClientTargetPlatform
[2019.02.25-12.56.34:148][  0]LogTemp: Display: Loaded TP MacNoEditorTargetPlatform
[2019.02.25-12.56.34:180][  0]LogTemp: Display: Loaded TP MacServerTargetPlatform
[2019.02.25-12.56.34:299][  0]LogTemp: Display: Loaded TP MacTargetPlatform
[2019.02.25-12.56.34:324][  0]LogTemp: Display: Loaded TP WindowsClientTargetPlatform
[2019.02.25-12.56.34:487][  0]LogTemp: Display: Loaded TP WindowsNoEditorTargetPlatform
[2019.02.25-12.56.34:517][  0]LogTemp: Display: Loaded TP WindowsServerTargetPlatform
[2019.02.25-12.56.34:532][  0]LogTemp: Display: Loaded TP WindowsTargetPlatform
[2019.02.25-12.56.34:956][  0]LogTemp: Display: Loaded TP AndroidTargetPlatform
[2019.02.25-12.56.34:956][  0]LogTemp: Display: Loaded TP AndroidTargetPlatform
[2019.02.25-12.56.34:956][  0]LogTemp: Display: Loaded TP AndroidTargetPlatform
[2019.02.25-12.56.34:956][  0]LogTemp: Display: Loaded TP AndroidTargetPlatform
[2019.02.25-12.56.34:956][  0]LogTemp: Display: Loaded TP AndroidTargetPlatform
[2019.02.25-12.56.34:956][  0]LogTemp: Display: Loaded TP AndroidTargetPlatform
[2019.02.25-12.56.34:956][  0]LogTemp: Display: Loaded TP AndroidTargetPlatform
[2019.02.25-12.56.34:956][  0]LogTemp: Display: Loaded TP AndroidTargetPlatform
[2019.02.25-12.56.34:956][  0]LogTemp: Display: Loaded TP AndroidTargetPlatform
[2019.02.25-12.56.34:956][  0]LogTemp: Display: Loaded TP AndroidTargetPlatform
[2019.02.25-12.56.34:956][  0]LogTemp: Display: Loaded TP AndroidTargetPlatform
[2019.02.25-12.56.34:956][  0]LogTemp: Display: Loaded TP AndroidTargetPlatform
[2019.02.25-12.56.34:956][  0]LogTemp: Display: Loaded TP AndroidTargetPlatform
[2019.02.25-12.56.34:956][  0]LogTemp: Display: Loaded TP AndroidTargetPlatform
[2019.02.25-12.56.34:956][  0]LogTemp: Display: Loaded TP AndroidTargetPlatform
[2019.02.25-12.56.34:956][  0]LogTemp: Display: Loaded TP AndroidTargetPlatform
[2019.02.25-12.56.34:956][  0]LogTemp: Display: Loaded TP AndroidTargetPlatform
[2019.02.25-12.56.34:956][  0]LogTemp: Display: Loaded TP AndroidTargetPlatform
[2019.02.25-12.56.34:974][  0]LogTemp: Display: Loaded TP HTML5TargetPlatform
[2019.02.25-12.56.35:347][  0]LogTemp: Display: Loaded TP IOSTargetPlatform
[2019.02.25-12.56.35:347][  0]LogTemp: Display: Loaded TP IOSTargetPlatform
[2019.02.25-12.56.35:422][  0]LogTemp: Display: Loaded TP TVOSTargetPlatform
[2019.02.25-12.56.35:422][  0]LogTemp: Display: Loaded TP TVOSTargetPlatform
[2019.02.25-12.56.35:459][  0]LogTemp: Display: Loaded TP LinuxClientTargetPlatform
[2019.02.25-12.56.35:649][  0]LogTemp: Display: Loaded TP LinuxNoEditorTargetPlatform
[2019.02.25-12.56.35:785][  0]LogTemp: Display: Loaded TP LinuxServerTargetPlatform
[2019.02.25-12.56.35:967][  0]LogTemp: Display: Loaded TP LinuxTargetPlatform
[2019.02.25-12.56.36:108][  0]LogTemp: Display: Loaded TP LuminTargetPlatform
[2019.02.25-12.56.36:108][  0]LogTargetPlatformManager: Display: Building Assets For Windows
[2019.02.25-12.56.36:252][  0]LogXGEController: Cleaning working directory: C:/Users/visva/AppData/Local/Temp/UnrealXGEWorkingDir/
[2019.02.25-12.56.36:252][  0]LogXGEController: Cannot use XGE Controller as Incredibuild is not installed on this machine.
[2019.02.25-12.56.36:252][  0]LogShaderCompilers: Cannot use XGE Shader Compiler as Incredibuild is not installed on this machine.
[2019.02.25-12.56.36:252][  0]LogShaderCompilers: Display: Using Local Shader Compiler.
[2019.02.25-12.56.45:081][  0]LogDerivedDataCache: Display: Max Cache Size: 512 MB
[2019.02.25-12.56.46:677][  0]LogDerivedDataCache: Loaded boot cache 1.57s 71MB C:/Users/visva/AppData/Local/UnrealEngine/4.20/DerivedDataCache/Boot.ddc.
[2019.02.25-12.56.46:678][  0]LogDerivedDataCache: Display: Loaded Boot cache: C:/Users/visva/AppData/Local/UnrealEngine/4.20/DerivedDataCache/Boot.ddc
[2019.02.25-12.56.46:678][  0]LogDerivedDataCache: FDerivedDataBackendGraph:  Pak pak cache file ../../../../../../Users/visva/Documents/Unreal Projects/BPBeginnerDemo/DerivedDataCache/DDC.ddp not found, will not use a pak cache.
[2019.02.25-12.56.46:678][  0]LogDerivedDataCache: Unable to find inner node Pak for hierarchical cache Hierarchy.
[2019.02.25-12.56.46:678][  0]LogDerivedDataCache: FDerivedDataBackendGraph:  CompressedPak pak cache file ../../../../../../Users/visva/Documents/Unreal Projects/BPBeginnerDemo/DerivedDataCache/Compressed.ddp not found, will not use a pak cache.
[2019.02.25-12.56.46:678][  0]LogDerivedDataCache: Unable to find inner node CompressedPak for hierarchical cache Hierarchy.
[2019.02.25-12.56.46:909][  0]LogDerivedDataCache: Display: Pak cache opened for reading ../../../Engine/DerivedDataCache/Compressed.ddp.
[2019.02.25-12.56.46:973][  0]LogDerivedDataCache: Using Local data cache path C:/Users/visva/AppData/Local/UnrealEngine/Common/DerivedDataCache: Writable
[2019.02.25-12.56.46:973][  0]LogDerivedDataCache: Shared data cache path not found in *engine.ini, will not use an Shared cache.
[2019.02.25-12.56.46:973][  0]LogDerivedDataCache: Unable to find inner node Shared for hierarchical cache Hierarchy.
[2019.02.25-12.56.47:345][  0]LogMaterial: Verifying Global Shaders for PCD3D_SM5
[2019.02.25-12.56.47:537][  0]LogSlate: Using FreeType 2.6.0
[2019.02.25-12.56.47:769][  0]LogSlate: SlateFontServices - WITH_FREETYPE: 1, WITH_HARFBUZZ: 1
[2019.02.25-12.56.52:039][  0]LogAssetRegistry: FAssetRegistry took 0.0317 seconds to start up
[2019.02.25-12.57.07:352][  0]LogInit: Selected Device Profile: [Windows]
[2019.02.25-12.57.14:169][  0]LogSimplygon: Simplygon DLL not present - disabling.
[2019.02.25-12.57.14:427][  0]LogMeshReduction: Using SimplygonSwarm for distributed automatic mesh merging
[2019.02.25-12.57.14:427][  0]LogMeshReduction: Using ProxyLODMeshReduction for automatic mesh merging
[2019.02.25-12.57.14:448][  0]LogMeshReduction: Using QuadricMeshReduction for automatic static mesh reduction
[2019.02.25-12.57.14:448][  0]LogMeshReduction: No automatic skeletal mesh reduction module available
[2019.02.25-12.57.17:846][  0]LogNetVersion: BPBeginnerDemo 1.0.0, NetCL: 4212847, EngineNetVer: 5, GameNetVer: 0 (Checksum: 3525863822)
[2019.02.25-12.57.25:294][  0]LogConfig: Warning: Failed to saved backup for config[GameplayTagsList]
[2019.02.25-12.57.25:298][  0]LogConfig: Warning: Failed to saved backup for config[GameplayTags]
[2019.02.25-12.57.27:720][  0]LogConfig: Warning: Failed to saved backup for config[TemplateDefs]
[2019.02.25-12.57.39:005][  0]LogPackageLocalizationCache: Processed 11 localized package path(s) for 2 prioritized culture(s) in 2.984244 seconds
[2019.02.25-12.57.39:575][  0]LogUObjectArray: 38425 objects as part of root set at end of initial load.
[2019.02.25-12.57.39:575][  0]LogUObjectAllocator: 6690864 out of 0 bytes used by permanent object pool.
[2019.02.25-12.57.39:764][  0]LogUObjectArray: CloseDisregardForGC: 0/0 objects in disregard for GC pool
[2019.02.25-12.59.28:589][  0]LogTcpMessaging: Initializing TcpMessaging bridge
[2019.02.25-12.59.28:705][  0]LogUdpMessaging: Initializing bridge on interface 0.0.0.0:0 to multicast group 230.0.0.1:6666.
[2019.02.25-12.59.42:455][  0]SourceControl: Source control is disabled
[2019.02.25-12.59.42:459][  0]SourceControl: Source control is disabled
[2019.02.25-12.59.42:462][  0]SourceControl: Source control is disabled
[2019.02.25-12.59.42:464][  0]SourceControl: Source control is disabled
[2019.02.25-13.00.23:522][  0]LogAndroidPermission: UAndroidPermissionCallbackProxy::GetInstance
[2019.02.25-13.00.29:988][  0]LogOcInput: OculusInput pre-init called
[2019.02.25-13.00.39:064][  0]LogEngine: Initializing Engine...
[2019.02.25-13.00.39:072][  0]LogHMD: Failed to initialize OpenVR with code 110
[2019.02.25-13.00.39:159][  0]LogStats: UGameplayTagsManager::ConstructGameplayTagTree: ImportINI prefixes -  0.000 s
[2019.02.25-13.00.39:160][  0]LogStats: UGameplayTagsManager::ConstructGameplayTagTree: Construct from data asset -  0.000 s
[2019.02.25-13.00.39:161][  0]LogStats: UGameplayTagsManager::ConstructGameplayTagTree: ImportINI -  0.001 s
[2019.02.25-13.00.39:162][  0]LogStats: UGameplayTagsManager::ConstructGameplayTagTree: GameplayTagTreeChangedEvent.Broadcast -  0.000 s
[2019.02.25-13.00.42:308][  0]LogInit: Initializing FReadOnlyCVARCache
[2019.02.25-13.00.42:823][  0]LogAIModule: Creating AISystem for world Untitled
[2019.02.25-13.00.42:987][  0]LogInit: XAudio2 using 'Speakers / Headphones (Realtek Audio)' : 2 channels at 48 kHz using 32 bits per sample (channel mask 0x3)
[2019.02.25-13.00.43:233][  0]LogInit: FAudioDevice initialized.
[2019.02.25-13.00.43:234][  0]LogNetVersion: Set ProjectVersion to 1.0.0.0. Version Checksum will be recalculated on next use.
[2019.02.25-13.00.44:794][  0]LogDerivedDataCache: Saved boot cache 1.56s 71MB C:/Users/visva/AppData/Local/UnrealEngine/4.20/DerivedDataCache/Boot.ddc.
[2019.02.25-13.00.44:999][  0]LogInit: Texture streaming: Enabled
[2019.02.25-13.00.47:050][  0]LogEngineSessionManager: EngineSessionManager initialized
[2019.02.25-13.00.47:584][  0]LogInit: Transaction tracking system initialized
[2019.02.25-13.00.48:697][  0]BlueprintLog: New page: Editor Load
[2019.02.25-13.00.51:941][  0]LocalizationService: Localization service is disabled
[2019.02.25-13.00.53:147][  0]LogLinker: Warning: Can't find file '/Game/SideScrollerBP/SideScrollerOverview'
[2019.02.25-13.00.53:149][  0]LogLinker: Warning: Can't find file '/Game/SideScrollerBP/SideScrollerOverview'
[2019.02.25-13.00.53:150][  0]LogUObjectGlobals: Warning: Failed to find object 'Class /Game/SideScrollerBP/SideScrollerOverview.SideScrollerOverview_C'
[2019.02.25-13.01.04:459][  0]LogCook: Display: Max memory allowance for cook 16384mb min free memory 0mb
[2019.02.25-13.01.04:510][  0]LogCook: Display: Mobile HDR setting 1
[2019.02.25-13.01.04:725][  0]LogGameplayTags: Display: UGameplayTagsManager::DoneAddingNativeTags. DelegateIsBound: 0
[2019.02.25-13.01.04:725][  0]LogStats: UGameplayTagsManager::ConstructGameplayTagTree: ImportINI prefixes -  0.000 s
[2019.02.25-13.01.04:725][  0]LogStats: UGameplayTagsManager::ConstructGameplayTagTree: Construct from data asset -  0.000 s
[2019.02.25-13.01.04:727][  0]LogStats: UGameplayTagsManager::ConstructGameplayTagTree: ImportINI -  0.001 s
[2019.02.25-13.01.04:727][  0]LogStats: UGameplayTagsManager::ConstructGameplayTagTree: GameplayTagTreeChangedEvent.Broadcast -  0.000 s
[2019.02.25-13.01.05:021][  0]LogFileCache: Scanning file cache for directory 'C:/Users/visva/Documents/Unreal Projects/BPBeginnerDemo/Content/' took 0.79s
[2019.02.25-13.01.25:784][  0]SourceControl: Source control is disabled
[2019.02.25-13.01.25:898][  0]Cmd: MAP LOAD FILE="../../../../../../Users/visva/Documents/Unreal Projects/BPBeginnerDemo/Content/MyContent/DemoLevel.umap" TEMPLATE=0 SHOWPROGRESS=1 FEATURELEVEL=3
[2019.02.25-13.01.26:100][  0]LightingResults: New page: Lighting Build
[2019.02.25-13.01.26:693][  0]MapCheck: New page: Map Check
[2019.02.25-13.01.26:693][  0]LightingResults: New page: Lighting Build
[2019.02.25-13.01.35:464][  0]LogAIModule: Creating AISystem for world DemoLevel
[2019.02.25-13.01.37:197][  0]LogEditorServer: Finished looking for orphan Actors (0.042 secs)
[2019.02.25-13.01.37:713][  0]Cmd: MAP CHECKDEP NOCLEARLOG
[2019.02.25-13.01.39:346][  0]MapCheck: Map check complete: 0 Error(s), 0 Warning(s), took 1,632.104ms to complete.
[2019.02.25-13.01.39:366][  0]LogFileHelpers: Loading map 'DemoLevel' took 13.549
[2019.02.25-13.01.46:952][  0]LogCollectionManager: Loaded 0 collections in 0.016406 seconds
[2019.02.25-13.01.47:634][  0]LogFileCache: Scanning file cache for directory 'C:/Users/visva/Documents/Unreal Projects/BPBeginnerDemo/Saved/Collections/' took 0.02s
[2019.02.25-13.01.47:635][  0]LogFileCache: Scanning file cache for directory 'C:/Users/visva/Documents/Unreal Projects/BPBeginnerDemo/Content/Developers/visva/Collections/' took 0.02s
[2019.02.25-13.01.47:635][  0]LogFileCache: Scanning file cache for directory 'C:/Users/visva/Documents/Unreal Projects/BPBeginnerDemo/Content/Collections/' took 0.03s
[2019.02.25-13.01.47:635][  0]LogCollectionManager: Rebuilt the GUID cache for 0 collections in 0.000001 seconds
[2019.02.25-13.01.47:714][  0]LogContentBrowser: Native class hierarchy populated in 0.0591 seconds. Added 2572 classes and 603 folders.
[2019.02.25-13.01.48:073][  0]LogContentBrowser: Native class hierarchy updated for 'WidgetCarousel' in 0.0013 seconds. Added 0 classes and 0 folders.
[2019.02.25-13.01.55:162][  0]LogContentBrowser: Native class hierarchy updated for 'AddContentDialog' in 0.0035 seconds. Added 0 classes and 0 folders.
[2019.02.25-13.01.56:611][  0]LogSlate: Updating window title bar state: overlay mode, drag disabled, window buttons hidden, title bar hidden
[2019.02.25-13.01.56:701][  0]LogSlate: Updating window title bar state: overlay mode, drag disabled, window buttons hidden, title bar hidden
[2019.02.25-13.01.56:767][  0]LogSlate: Updating window title bar state: overlay mode, drag disabled, window buttons hidden, title bar hidden
[2019.02.25-13.01.56:839][  0]LogSlate: Updating window title bar state: overlay mode, drag disabled, window buttons hidden, title bar hidden
[2019.02.25-13.02.01:618][  0]LogContentBrowser: Native class hierarchy updated for 'SceneOutliner' in 0.0017 seconds. Added 1 classes and 2 folders.
[2019.02.25-13.02.02:267][  0]LogSlate: Took 0.069273 seconds to synchronously load lazily loaded font '../../../Engine/Content/Slate/Fonts/Roboto-Regular.ttf' (155K)
[2019.02.25-13.02.02:401][  0]LogSlate: Took 0.088270 seconds to synchronously load lazily loaded font '../../../Engine/Content/Editor/Slate/Fonts/FontAwesome.ttf' (139K)
[2019.02.25-13.02.02:466][  0]LogSlate: Took 0.051425 seconds to synchronously load lazily loaded font '../../../Engine/Content/Slate/Fonts/Roboto-Bold.ttf' (160K)
[2019.02.25-13.02.02:738][  0]LogSlate: Took 0.156590 seconds to synchronously load lazily loaded font '../../../Engine/Content/Slate/Fonts/DroidSansMono.ttf' (77K)
[2019.02.25-13.02.04:231][  0]LogRenderer: Reallocating scene render targets to support 760x396 Format 10 NumSamples 1 (Frame:1).
[2019.02.25-13.02.12:394][  0]LogContentBrowser: Native class hierarchy updated for 'HierarchicalLODOutliner' in 0.0010 seconds. Added 0 classes and 0 folders.
[2019.02.25-13.02.12:395][  0]LogLoad: (Engine Initialization) Total time: 484.70 seconds
[2019.02.25-13.02.12:396][  0]LogLoad: (Engine Initialization) Total Blueprint compile time: 0.00 seconds
[2019.02.25-13.02.14:478][  0]LogContentStreaming: Texture pool size now 1000 MB
[2019.02.25-13.02.19:438][  4]LogSlate: Took 0.216939 seconds to synchronously load lazily loaded font '../../../Engine/Content/Slate/Fonts/Roboto-Light.ttf' (167K)
[2019.02.25-13.02.36:116][ 26]LogAssetRegistry: Asset discovery search completed in 344.1008 seconds
[2019.02.25-13.02.36:302][ 26]LogCollectionManager: Rebuilt the object cache for 0 collections in 0.000000 seconds (found 0 objects)
[2019.02.25-13.02.36:303][ 26]LogCollectionManager: Fixed up redirectors for 0 collections in 0.068508 seconds (updated 0 objects)
[2019.02.25-13.07.24:394][860]LogD3D11RHI: Timed out while waiting for GPU to catch up. (0.5 s)
[2019.02.25-13.07.25:525][863]LogD3D11RHI: Timed out while waiting for GPU to catch up. (0.5 s)
[2019.02.25-13.07.26:368][864]LogD3D11RHI: Timed out while waiting for GPU to catch up. (0.5 s)
[2019.02.25-13.07.27:224][865]LogD3D11RHI: Timed out while waiting for GPU to catch up. (0.5 s)
[2019.02.25-13.07.29:114][870]LogD3D11RHI: Timed out while waiting for GPU to catch up. (0.5 s)
[2019.02.25-13.07.37:691][892]LogD3D11RHI: Timed out while waiting for GPU to catch up. (0.5 s)
[2019.02.25-13.07.39:718][897]LogD3D11RHI: Timed out while waiting for GPU to catch up. (0.5 s)
[2019.02.25-13.07.43:495][907]LogD3D11RHI: Timed out while waiting for GPU to catch up. (0.5 s)
[2019.02.25-13.07.57:405][941]LogD3D11RHI: Timed out while waiting for GPU to catch up. (0.5 s)
[2019.02.25-13.08.00:484][946]LogD3D11RHI: Timed out while waiting for GPU to catch up. (0.5 s)
[2019.02.25-13.08.04:917][952]LogD3D11RHI: Timed out while waiting for GPU to catch up. (0.5 s)
[2019.02.25-13.08.06:813][957]LogD3D11RHI: Timed out while waiting for GPU to catch up. (0.5 s)
[2019.02.25-13.08.07:334][958]LogD3D11RHI: Timed out while waiting for GPU to catch up. (0.5 s)
[2019.02.25-13.08.24:327][  5]LogSlate: FSceneViewport::OnFocusLost() reason 2
[2019.02.25-13.08.28:054][ 34]LogSlate: FSceneViewport::OnFocusLost() reason 0
[2019.02.25-13.08.28:100][ 35]LogTemp: Repeating last play command: Simulate
[2019.02.25-13.08.28:591][ 35]LogPlayLevel: PlayLevel: No blueprints needed recompiling
[2019.02.25-13.08.29:080][ 35]PIE: New page: SIE session: DemoLevel (Feb 25, 2019, 3:08:28 AM)
[2019.02.25-13.08.29:081][ 35]LogPlayLevel: Creating play world package: /Game/MyContent/UEDPIE_0_DemoLevel
[2019.02.25-13.08.30:541][ 35]LogPlayLevel: PIE: StaticDuplicateObject took: (1.459381s)
[2019.02.25-13.08.30:564][ 35]LogAIModule: Creating AISystem for world DemoLevel
[2019.02.25-13.08.30:567][ 35]LogPlayLevel: PIE: World Init took: (0.024973s)
[2019.02.25-13.08.30:568][ 35]LogPlayLevel: PIE: Created PIE world by copying editor world from /Game/MyContent/DemoLevel.DemoLevel to /Game/MyContent/UEDPIE_0_DemoLevel.DemoLevel (1.487269s)
[2019.02.25-13.08.30:952][ 35]LogInit: XAudio2 using 'Speakers / Headphones (Realtek Audio)' : 2 channels at 48 kHz using 32 bits per sample (channel mask 0x3)
[2019.02.25-13.08.31:113][ 35]LogInit: FAudioDevice initialized.
[2019.02.25-13.08.31:486][ 35]LogLoad: Game class is 'GameModeBase'
[2019.02.25-13.08.31:496][ 35]LogWorld: Bringing World /Game/MyContent/UEDPIE_0_DemoLevel.DemoLevel up for play (max tick rate 60) at 2019.02.25-08.08.31
[2019.02.25-13.08.31:498][ 35]LogWorld: Bringing up level for play took: 0.008471
[2019.02.25-13.08.31:596][ 35]LogContentBrowser: Native class hierarchy updated for 'MovieSceneCapture' in 0.0297 seconds. Added 10 classes and 0 folders.
[2019.02.25-13.08.31:620][ 35]PIE: Play in editor start time for /Game/MyContent/UEDPIE_0_DemoLevel 3.897
[2019.02.25-13.09.03:721][204]LogSlate: FSceneViewport::OnFocusLost() reason 0
[2019.02.25-13.09.20:033][334]LogSlate: Updating window title bar state: overlay mode, drag disabled, window buttons hidden, title bar hidden
[2019.02.25-13.09.20:213][334]LogPlayLevel: Display: Shutting down PIE online subsystems
[2019.02.25-13.09.20:317][334]LogSlate: Updating window title bar state: overlay mode, drag disabled, window buttons hidden, title bar hidden
[2019.02.25-13.09.20:583][335]LogPlayLevel: Display: Destroying online subsystem :Context_4
[2019.02.25-13.09.26:033][374]LogPlayLevel: PlayLevel: No blueprints needed recompiling
[2019.02.25-13.09.26:034][374]PIE: New page: PIE session: DemoLevel (Feb 25, 2019, 3:09:26 AM)
[2019.02.25-13.09.26:036][374]LogPlayLevel: Creating play world package: /Game/MyContent/UEDPIE_0_DemoLevel
[2019.02.25-13.09.26:168][374]LogPlayLevel: PIE: StaticDuplicateObject took: (0.131187s)
[2019.02.25-13.09.26:174][374]LogAIModule: Creating AISystem for world DemoLevel
[2019.02.25-13.09.26:177][374]LogPlayLevel: PIE: World Init took: (0.008144s)
[2019.02.25-13.09.26:178][374]LogPlayLevel: PIE: Created PIE world by copying editor world from /Game/MyContent/DemoLevel.DemoLevel to /Game/MyContent/UEDPIE_0_DemoLevel.DemoLevel (0.142602s)
[2019.02.25-13.09.26:292][374]LogInit: XAudio2 using 'Speakers / Headphones (Realtek Audio)' : 2 channels at 48 kHz using 32 bits per sample (channel mask 0x3)
[2019.02.25-13.09.26:427][374]LogInit: FAudioDevice initialized.
[2019.02.25-13.09.26:518][374]LogLoad: Game class is 'GameModeBase'
[2019.02.25-13.09.26:544][374]LogWorld: Bringing World /Game/MyContent/UEDPIE_0_DemoLevel.DemoLevel up for play (max tick rate 60) at 2019.02.25-08.09.26
[2019.02.25-13.09.26:550][374]LogWorld: Bringing up level for play took: 0.026860
[2019.02.25-13.09.26:585][374]PIE: Play in editor start time for /Game/MyContent/UEDPIE_0_DemoLevel 0.863
[2019.02.25-13.09.44:741][515]LogSlate: Updating window title bar state: overlay mode, drag disabled, window buttons hidden, title bar hidden
[2019.02.25-13.09.45:111][515]LogPlayLevel: Display: Shutting down PIE online subsystems
[2019.02.25-13.09.45:218][515]LogSlate: Updating window title bar state: overlay mode, drag disabled, window buttons hidden, title bar hidden
[2019.02.25-13.09.45:514][516]LogPlayLevel: Display: Destroying online subsystem :Context_5
[2019.02.25-13.09.47:640][524]LogSlate: FSceneViewport::OnFocusLost() reason 2
[2019.02.25-13.09.59:793][607]LogTemp: Repeating last play command: Selected Viewport
[2019.02.25-13.09.59:915][607]LogPlayLevel: PlayLevel: No blueprints needed recompiling
[2019.02.25-13.09.59:918][607]PIE: New page: PIE session: DemoLevel (Feb 25, 2019, 3:09:59 AM)
[2019.02.25-13.09.59:919][607]LogPlayLevel: Creating play world package: /Game/MyContent/UEDPIE_0_DemoLevel
[2019.02.25-13.10.00:112][607]LogPlayLevel: PIE: StaticDuplicateObject took: (0.192692s)
[2019.02.25-13.10.00:119][607]LogAIModule: Creating AISystem for world DemoLevel
[2019.02.25-13.10.00:121][607]LogPlayLevel: PIE: World Init took: (0.007427s)
[2019.02.25-13.10.00:123][607]LogPlayLevel: PIE: Created PIE world by copying editor world from /Game/MyContent/DemoLevel.DemoLevel to /Game/MyContent/UEDPIE_0_DemoLevel.DemoLevel (0.203783s)
[2019.02.25-13.10.00:277][607]LogInit: XAudio2 using 'Speakers / Headphones (Realtek Audio)' : 2 channels at 48 kHz using 32 bits per sample (channel mask 0x3)
[2019.02.25-13.10.00:405][607]LogInit: FAudioDevice initialized.
[2019.02.25-13.10.00:483][607]LogLoad: Game class is 'GameModeBase'
[2019.02.25-13.10.00:501][607]LogWorld: Bringing World /Game/MyContent/UEDPIE_0_DemoLevel.DemoLevel up for play (max tick rate 60) at 2019.02.25-08.10.00
[2019.02.25-13.10.00:509][607]LogWorld: Bringing up level for play took: 0.024171
[2019.02.25-13.10.00:535][607]PIE: Play in editor start time for /Game/MyContent/UEDPIE_0_DemoLevel 0.813
[2019.02.25-13.10.27:146][784]LogSlate: Updating window title bar state: overlay mode, drag disabled, window buttons hidden, title bar hidden
[2019.02.25-13.10.27:240][784]LogPlayLevel: Display: Shutting down PIE online subsystems
[2019.02.25-13.10.27:362][784]LogSlate: Updating window title bar state: overlay mode, drag disabled, window buttons hidden, title bar hidden
[2019.02.25-13.10.27:619][785]LogPlayLevel: Display: Destroying online subsystem :Context_6
[2019.02.25-13.10.30:086][810]LogSlate: FSceneViewport::OnFocusLost() reason 0
[2019.02.25-13.10.31:333][813]LogSlate: Window 'BPBeginnerDemo - Unreal Editor' being destroyed
[2019.02.25-13.10.31:341][813]LogWindowsTextInputMethodSystem: Display: IME system now deactivated.
[2019.02.25-13.10.33:174][814]Cmd: QUIT_EDITOR
[2019.02.25-13.10.34:639][814]LogExit: Preparing to exit.
[2019.02.25-13.10.37:042][814]LogExit: Editor shut down
[2019.02.25-13.10.37:046][814]LogExit: Transaction tracking system shut down
[2019.02.25-13.10.40:264][814]LogExit: Object subsystem successfully closed.
[2019.02.25-13.10.40:368][814]LogShaderCompilers: Display: Shaders left to compile 0
[2019.02.25-13.10.40:426][814]LogD3D11RHI: Shutdown
[2019.02.25-13.10.40:427][814]LogD3D11RHI: CleanupD3DDevice
[2019.02.25-13.10.40:479][814]LogD3D11RHI: ~FD3D11DynamicRHI
[2019.02.25-13.10.42:233][814]LogModuleManager: Shutting down and abandoning module MovieSceneCapture (614)
[2019.02.25-13.10.42:234][814]LogModuleManager: Shutting down and abandoning module Voice (612)
[2019.02.25-13.10.42:234][814]LogModuleManager: Shutting down and abandoning module HierarchicalLODOutliner (610)
[2019.02.25-13.10.42:234][814]LogModuleManager: Shutting down and abandoning module SceneOutliner (608)
[2019.02.25-13.10.42:235][814]LogModuleManager: Shutting down and abandoning module AddContentDialog (606)
[2019.02.25-13.10.42:313][814]LogModuleManager: Shutting down and abandoning module WidgetCarousel (605)
[2019.02.25-13.10.42:314][814]LogModuleManager: Shutting down and abandoning module EditorWidgets (602)
[2019.02.25-13.10.42:324][814]LogModuleManager: Shutting down and abandoning module CollectionManager (600)
[2019.02.25-13.10.42:576][814]LogModuleManager: Shutting down and abandoning module StatsViewer (598)
[2019.02.25-13.10.42:764][814]LogModuleManager: Shutting down and abandoning module FoliageEdit (596)
[2019.02.25-13.10.42:765][814]LogModuleManager: Shutting down and abandoning module LandscapeEditor (594)
[2019.02.25-13.10.43:239][814]LogModuleManager: Shutting down and abandoning module MeshPaintMode (592)
[2019.02.25-13.10.43:321][814]LogModuleManager: Shutting down and abandoning module SceneDepthPickerMode (590)
[2019.02.25-13.10.43:321][814]LogModuleManager: Shutting down and abandoning module ActorPickerMode (588)
[2019.02.25-13.10.43:321][814]LogModuleManager: Shutting down and abandoning module GeometryMode (586)
[2019.02.25-13.10.43:321][814]LogModuleManager: Shutting down and abandoning module TextureAlignMode (584)
[2019.02.25-13.10.43:321][814]LogModuleManager: Shutting down and abandoning module BspMode (582)
[2019.02.25-13.10.43:321][814]LogModuleManager: Shutting down and abandoning module PIEPreviewDeviceProfileSelector (580)
[2019.02.25-13.10.43:322][814]LogModuleManager: Shutting down and abandoning module SequenceRecorderSections (578)
[2019.02.25-13.10.43:322][814]LogModuleManager: Shutting down and abandoning module AutomationWorker (576)
[2019.02.25-13.10.43:322][814]LogModuleManager: Shutting down and abandoning module AudioCaptureEditor (574)
[2019.02.25-13.10.43:322][814]LogModuleManager: Shutting down and abandoning module SequenceRecorder (573)
[2019.02.25-13.10.43:322][814]LogModuleManager: Shutting down and abandoning module MatineeToLevelSequence (570)
[2019.02.25-13.10.43:480][814]LogModuleManager: Shutting down and abandoning module LevelSequenceEditor (568)
[2019.02.25-13.10.43:617][814]LogModuleManager: Shutting down and abandoning module PlacementMode (567)
[2019.02.25-13.10.43:617][814]LogModuleManager: Shutting down and abandoning module MaterialEditor (566)
[2019.02.25-13.10.44:026][814]LogModuleManager: Shutting down and abandoning module WmfMediaFactory (562)
[2019.02.25-13.10.44:026][814]LogModuleManager: Shutting down and abandoning module WmfMediaEditor (560)
[2019.02.25-13.10.44:026][814]LogModuleManager: Shutting down and abandoning module MediaPlayerEditor (558)
[2019.02.25-13.10.44:145][814]LogModuleManager: Shutting down and abandoning module OpenExrWrapper (556)
[2019.02.25-13.10.44:146][814]LogModuleManager: Shutting down and abandoning module ImgMediaFactory (554)
[2019.02.25-13.10.44:146][814]LogModuleManager: Shutting down and abandoning module ImgMediaEditor (552)
[2019.02.25-13.10.44:146][814]LogModuleManager: Shutting down and abandoning module AvfMediaFactory (550)
[2019.02.25-13.10.44:146][814]LogModuleManager: Shutting down and abandoning module AvfMediaEditor (548)
[2019.02.25-13.10.44:146][814]LogModuleManager: Shutting down and abandoning module AndroidMediaFactory (546)
[2019.02.25-13.10.44:146][814]LogModuleManager: Shutting down and abandoning module AndroidMediaEditor (544)
[2019.02.25-13.10.44:146][814]LogModuleManager: Shutting down and abandoning module MagicLeapCameraPreviewFactory (542)
[2019.02.25-13.10.44:146][814]LogModuleManager: Shutting down and abandoning module MagicLeapMediaFactory (540)
[2019.02.25-13.10.44:146][814]LogModuleManager: Shutting down and abandoning module MagicLeapMediaEditor (538)
[2019.02.25-13.10.44:146][814]LogModuleManager: Shutting down and abandoning module CharacterAI (536)
[2019.02.25-13.10.44:146][814]LogModuleManager: Shutting down and abandoning module SmartSnapping (534)
[2019.02.25-13.10.44:146][814]LogModuleManager: Shutting down and abandoning module SessionServices (532)
[2019.02.25-13.10.44:146][814]LogModuleManager: Shutting down and abandoning module ViewportSnapping (530)
[2019.02.25-13.10.44:146][814]LogModuleManager: Shutting down and abandoning module ViewportInteraction (528)
[2019.02.25-13.10.44:146][814]LogModuleManager: Shutting down and abandoning module ClothPainter (526)
[2019.02.25-13.10.44:209][814]LogModuleManager: Shutting down and abandoning module SkeletalMeshEditor (525)
[2019.02.25-13.10.44:438][814]LogModuleManager: Shutting down and abandoning module LogVisualizer (522)
[2019.02.25-13.10.44:590][814]LogModuleManager: Shutting down and abandoning module IntroTutorials (520)
[2019.02.25-13.10.44:781][814]LogModuleManager: Shutting down and abandoning module GameProjectGeneration (519)
[2019.02.25-13.10.44:926][814]LogModuleManager: Shutting down and abandoning module LuminPlatformEditor (516)
[2019.02.25-13.10.44:926][814]LogModuleManager: Shutting down and abandoning module IOSPlatformEditor (514)
[2019.02.25-13.10.44:959][814]LogModuleManager: Shutting down and abandoning module HTML5PlatformEditor (512)
[2019.02.25-13.10.44:959][814]LogModuleManager: Shutting down and abandoning module AndroidPlatformEditor (510)
[2019.02.25-13.10.44:959][814]LogModuleManager: Shutting down and abandoning module AndroidDeviceDetection (509)
[2019.02.25-13.10.45:283][814]LogModuleManager: Shutting down and abandoning module WindowsPlatformEditor (506)
[2019.02.25-13.10.45:283][814]LogModuleManager: Shutting down and abandoning module LuminRuntimeSettings (504)
[2019.02.25-13.10.45:283][814]LogModuleManager: Shutting down and abandoning module IOSRuntimeSettings (502)
[2019.02.25-13.10.45:283][814]LogModuleManager: Shutting down and abandoning module AndroidRuntimeSettings (500)
[2019.02.25-13.10.45:283][814]LogModuleManager: Shutting down and abandoning module InputBindingEditor (498)
[2019.02.25-13.10.45:371][814]LogModuleManager: Shutting down and abandoning module MergeActors (496)
[2019.02.25-13.10.45:446][814]LogModuleManager: Shutting down and abandoning module LocalizationDashboard (494)
[2019.02.25-13.10.45:580][814]LogModuleManager: Shutting down and abandoning module LocalizationService (493)
[2019.02.25-13.10.45:595][814]LogModuleManager: Shutting down and abandoning module HardwareTargeting (490)
[2019.02.25-13.10.45:595][814]LogModuleManager: Shutting down and abandoning module DeviceProfileEditor (488)
[2019.02.25-13.10.45:595][814]LogModuleManager: Shutting down and abandoning module UndoHistory (486)
[2019.02.25-13.10.45:636][814]LogModuleManager: Shutting down and abandoning module XmlParser (484)
[2019.02.25-13.10.45:636][814]LogModuleManager: Shutting down and abandoning module Blutility (482)
[2019.02.25-13.10.45:707][814]LogModuleManager: Shutting down and abandoning module ProjectSettingsViewer (480)
[2019.02.25-13.10.45:707][814]LogModuleManager: Shutting down and abandoning module ProjectTargetPlatformEditor (479)
[2019.02.25-13.10.45:707][814]LogModuleManager: Shutting down and abandoning module EditorSettingsViewer (476)
[2019.02.25-13.10.45:707][814]LogModuleManager: Shutting down and abandoning module SettingsEditor (474)
[2019.02.25-13.10.45:990][814]LogModuleManager: Shutting down and abandoning module ProjectLauncher (472)
[2019.02.25-13.10.46:058][814]LogModuleManager: Shutting down and abandoning module SessionFrontend (470)
[2019.02.25-13.10.46:089][814]LogModuleManager: Shutting down and abandoning module ProfilerClient (468)
[2019.02.25-13.10.46:131][814]LogModuleManager: Shutting down and abandoning module DeviceManager (466)
[2019.02.25-13.10.46:170][814]LogModuleManager: Shutting down and abandoning module TargetDeviceServices (465)
[2019.02.25-13.10.46:426][814]LogModuleManager: Shutting down and abandoning module AutomationController (462)
[2019.02.25-13.10.46:426][814]LogModuleManager: Shutting down and abandoning module AutomationWindow (460)
[2019.02.25-13.10.46:484][814]LogModuleManager: Shutting down and abandoning module Layers (458)
[2019.02.25-13.10.46:703][814]LogModuleManager: Shutting down and abandoning module ComponentVisualizers (456)
[2019.02.25-13.10.46:703][814]LogModuleManager: Shutting down and abandoning module DetailCustomizations (454)
[2019.02.25-13.10.46:775][814]LogModuleManager: Shutting down and abandoning module PackagesDialog (452)
[2019.02.25-13.10.46:862][814]LogModuleManager: Shutting down and abandoning module Persona (450)
[2019.02.25-13.10.46:958][814]LogModuleManager: Shutting down and abandoning module AdvancedPreviewScene (449)
[2019.02.25-13.10.46:958][814]LogModuleManager: Shutting down and abandoning module AnimGraph (447)
[2019.02.25-13.10.46:984][814]LogModuleManager: Shutting down and abandoning module Kismet (444)
[2019.02.25-13.10.47:100][814]LogModuleManager: Shutting down and abandoning module GraphEditor (442)
[2019.02.25-13.10.47:324][814]LogModuleManager: Shutting down and abandoning module ClassViewer (440)
[2019.02.25-13.10.47:390][814]LogModuleManager: Shutting down and abandoning module Toolbox (438)
[2019.02.25-13.10.47:390][814]LogModuleManager: Shutting down and abandoning module ModuleUI (436)
[2019.02.25-13.10.47:409][814]LogModuleManager: Shutting down and abandoning module MovieSceneTools (434)
[2019.02.25-13.10.47:507][814]LogModuleManager: Shutting down and abandoning module OutputLog (432)
[2019.02.25-13.10.47:507][814]LogModuleManager: Shutting down and abandoning module GammaUI (430)
[2019.02.25-13.10.47:528][814]LogModuleManager: Shutting down and abandoning module Documentation (428)
[2019.02.25-13.10.47:528][814]LogModuleManager: Shutting down and abandoning module MovieSceneTracks (426)
[2019.02.25-13.10.47:528][814]LogModuleManager: Shutting down and abandoning module MovieScene (424)
[2019.02.25-13.10.47:528][814]LogModuleManager: Shutting down and abandoning module StreamingPauseRendering (422)
[2019.02.25-13.10.47:528][814]LogModuleManager: Shutting down and abandoning module LauncherPlatform (420)
[2019.02.25-13.10.47:528][814]LogModuleManager: Shutting down and abandoning module AnalyticsET (418)
[2019.02.25-13.10.47:528][814]LogModuleManager: Shutting down and abandoning module PortalServices (416)
[2019.02.25-13.10.47:528][814]LogModuleManager: Shutting down and abandoning module PortalRpc (414)
[2019.02.25-13.10.47:528][814]LogModuleManager: Shutting down and abandoning module MessagingRpc (412)
[2019.02.25-13.10.47:528][814]LogModuleManager: Shutting down and abandoning module AIModule (410)
[2019.02.25-13.10.47:528][814]LogModuleManager: Shutting down and abandoning module GameplayDebugger (409)
[2019.02.25-13.10.47:528][814]LogModuleManager: Shutting down and abandoning module AITestSuite (407)
[2019.02.25-13.10.47:528][814]LogModuleManager: Shutting down and abandoning module NavigationSystem (405)
[2019.02.25-13.10.47:528][814]LogModuleManager: Shutting down and abandoning module DesktopPlatform (402)
[2019.02.25-13.10.47:528][814]LogModuleManager: Shutting down and abandoning module ProfilerService (400)
[2019.02.25-13.10.47:696][814]LogModuleManager: Shutting down and abandoning module TaskGraph (398)
[2019.02.25-13.10.47:696][814]LogModuleManager: Shutting down and abandoning module SteamVRController (396)
[2019.02.25-13.10.47:696][814]LogModuleManager: Shutting down and abandoning module ProceduralMeshComponentEditor (394)
[2019.02.25-13.10.47:696][814]LogModuleManager: Shutting down and abandoning module ProceduralMeshComponent (392)
[2019.02.25-13.10.47:696][814]LogModuleManager: Shutting down and abandoning module OculusInput (390)
[2019.02.25-13.10.47:696][814]LogModuleManager: Shutting down and abandoning module MobilePatchingUtils (388)
[2019.02.25-13.10.47:696][814]LogModuleManager: Shutting down and abandoning module EditableMesh (386)
[2019.02.25-13.10.47:696][814]LogModuleManager: Shutting down and abandoning module CustomMeshComponent (384)
[2019.02.25-13.10.47:696][814]LogModuleManager: Shutting down and abandoning module CableComponent (382)
[2019.02.25-13.10.47:696][814]LogModuleManager: Shutting down and abandoning module AudioCapture (380)
[2019.02.25-13.10.47:697][814]LogModuleManager: Shutting down and abandoning module ArchVisCharacter (378)
[2019.02.25-13.10.47:697][814]LogModuleManager: Shutting down and abandoning module AndroidPermission (376)
[2019.02.25-13.10.47:697][814]LogModuleManager: Shutting down and abandoning module NUTUnrealEngine4 (374)
[2019.02.25-13.10.47:697][814]LogModuleManager: Shutting down and abandoning module NetcodeUnitTest (372)
[2019.02.25-13.10.47:697][814]LogModuleManager: Shutting down and abandoning module MediaCompositingEditor (370)
[2019.02.25-13.10.47:736][814]LogModuleManager: Shutting down and abandoning module MediaCompositing (368)
[2019.02.25-13.10.47:736][814]LogModuleManager: Shutting down and abandoning module LinearTimecode (366)
[2019.02.25-13.10.47:736][814]LogModuleManager: Shutting down and abandoning module ImgMedia (364)
[2019.02.25-13.10.47:740][814]LogModuleManager: Shutting down and abandoning module HTML5Networking (362)
[2019.02.25-13.10.47:740][814]LogModuleManager: Shutting down and abandoning module GeometryCacheTracks (360)
[2019.02.25-13.10.47:740][814]LogModuleManager: Shutting down and abandoning module GeometryCacheSequencer (358)
[2019.02.25-13.10.47:740][814]LogModuleManager: Shutting down and abandoning module BackChannel (356)
[2019.02.25-13.10.47:740][814]LogModuleManager: Shutting down and abandoning module AppleVision (354)
[2019.02.25-13.10.47:740][814]LogModuleManager: Shutting down and abandoning module AppleImageUtils (352)
[2019.02.25-13.10.47:740][814]LogModuleManager: Shutting down and abandoning module AlembicImporter (350)
[2019.02.25-13.10.47:740][814]LogModuleManager: Shutting down and abandoning module AlembicLibrary (349)
[2019.02.25-13.10.47:774][814]LogModuleManager: Shutting down and abandoning module GeometryCache (348)
[2019.02.25-13.10.47:775][814]LogModuleManager: Shutting down and abandoning module GeometryCacheEd (347)
[2019.02.25-13.10.47:775][814]LogModuleManager: Shutting down and abandoning module DatasmithContentEditor (342)
[2019.02.25-13.10.47:792][814]LogModuleManager: Shutting down and abandoning module DatasmithContent (340)
[2019.02.25-13.10.47:793][814]LogModuleManager: Shutting down and abandoning module SpeedTreeImporter (338)
[2019.02.25-13.10.47:793][814]LogModuleManager: Shutting down and abandoning module PluginBrowser (336)
[2019.02.25-13.10.48:191][814]LogModuleManager: Shutting down and abandoning module MobileLauncherProfileWizard (334)
[2019.02.25-13.10.48:265][814]LogModuleManager: Shutting down and abandoning module PolygonModeling (332)
[2019.02.25-13.10.48:265][814]LogModuleManager: Shutting down and abandoning module MeshEditor (330)
[2019.02.25-13.10.48:309][814]LogModuleManager: Shutting down and abandoning module CryptoKeysOpenSSL (328)
[2019.02.25-13.10.48:309][814]LogModuleManager: Shutting down and abandoning module CryptoKeys (326)
[2019.02.25-13.10.48:309][814]LogModuleManager: Shutting down and abandoning module VisualStudioSourceCodeAccess (324)
[2019.02.25-13.10.48:309][814]LogModuleManager: Shutting down and abandoning module VisualStudioCodeSourceCodeAccess (322)
[2019.02.25-13.10.48:309][814]LogModuleManager: Shutting down and abandoning module UObjectPlugin (320)
[2019.02.25-13.10.48:309][814]LogModuleManager: Shutting down and abandoning module SubversionSourceControl (318)
[2019.02.25-13.10.48:309][814]LogModuleManager: Shutting down and abandoning module PerforceSourceControl (316)
[2019.02.25-13.10.48:309][814]LogModuleManager: Shutting down and abandoning module GitSourceControl (314)
[2019.02.25-13.10.48:446][814]LogModuleManager: Shutting down and abandoning module SourceControl (313)
[2019.02.25-13.10.48:446][814]LogModuleManager: Shutting down and abandoning module CLionSourceCodeAccess (310)
[2019.02.25-13.10.48:446][814]LogModuleManager: Shutting down and abandoning module LightPropagationVolumeEditor (308)
[2019.02.25-13.10.48:446][814]LogModuleManager: Shutting down and abandoning module PaperTiledImporter (306)
[2019.02.25-13.10.48:446][814]LogModuleManager: Shutting down and abandoning module PaperSpriteSheetImporter (304)
[2019.02.25-13.10.48:446][814]LogModuleManager: Shutting down and abandoning module Paper2DEditor (302)
[2019.02.25-13.10.48:646][814]LogModuleManager: Shutting down and abandoning module MeshPaint (301)
[2019.02.25-13.10.48:671][814]LogModuleManager: Shutting down and abandoning module RuntimePhysXCooking (298)
[2019.02.25-13.10.48:671][814]LogModuleManager: Shutting down and abandoning module PhysXVehiclesEditor (296)
[2019.02.25-13.10.48:671][814]LogModuleManager: Shutting down and abandoning module PhysXVehicles (294)
[2019.02.25-13.10.48:671][814]LogModuleManager: Shutting down and abandoning module OculusEditor (292)
[2019.02.25-13.10.48:742][814]LogModuleManager: Shutting down and abandoning module LocationServicesBPLibrary (290)
[2019.02.25-13.10.48:742][814]LogModuleManager: Shutting down and abandoning module ImmediatePhysicsEditor (288)
[2019.02.25-13.10.48:742][814]LogModuleManager: Shutting down and abandoning module ImmediatePhysics (286)
[2019.02.25-13.10.48:742][814]LogModuleManager: Shutting down and abandoning module ActorSequence (284)
[2019.02.25-13.10.48:742][814]LogModuleManager: Shutting down and abandoning module UdpMessaging (282)
[2019.02.25-13.10.48:842][814]LogModuleManager: Shutting down and abandoning module TcpMessaging (280)
[2019.02.25-13.10.48:943][814]LogModuleManager: Shutting down and abandoning module MagicLeapAudio (278)
[2019.02.25-13.10.48:943][814]LogModuleManager: Shutting down and abandoning module GameplayTagsEditor (276)
[2019.02.25-13.10.48:943][814]LogModuleManager: Shutting down and abandoning module FacialAnimationEditor (274)
[2019.02.25-13.10.48:943][814]LogModuleManager: Shutting down and abandoning module FacialAnimation (272)
[2019.02.25-13.10.48:943][814]LogModuleManager: Shutting down and abandoning module DataValidation (270)
[2019.02.25-13.10.48:963][814]LogModuleManager: Shutting down and abandoning module AssetManagerEditor (268)
[2019.02.25-13.10.49:006][814]LogModuleManager: Shutting down and abandoning module LevelEditor (267)
[2019.02.25-13.10.49:098][814]LogModuleManager: Shutting down and abandoning module PixelInspectorModule (266)
[2019.02.25-13.10.49:141][814]LogModuleManager: Shutting down and abandoning module CommonMenuExtensions (264)
[2019.02.25-13.10.49:183][814]LogModuleManager: Shutting down and abandoning module MainFrame (262)
[2019.02.25-13.10.49:212][814]LogModuleManager: Shutting down and abandoning module HotReload (261)
[2019.02.25-13.10.49:213][814]LogModuleManager: Shutting down and abandoning module ContentBrowser (257)
[2019.02.25-13.10.49:216][814]LogModuleManager: Shutting down and abandoning module TreeMap (255)
[2019.02.25-13.10.49:216][814]LogModuleManager: Shutting down and abandoning module LightPropagationVolumeRuntime (252)
[2019.02.25-13.10.49:216][814]LogModuleManager: Shutting down and abandoning module AISupportModule (250)
[2019.02.25-13.10.49:216][814]LogModuleManager: Shutting down and abandoning module Paper2D (248)
[2019.02.25-13.10.49:216][814]LogModuleManager: Shutting down and abandoning module WindowsMoviePlayer (246)
[2019.02.25-13.10.49:216][814]LogModuleManager: Shutting down and abandoning module WmfMedia (244)
[2019.02.25-13.10.49:231][814]LogModuleManager: Shutting down and abandoning module Media (243)
[2019.02.25-13.10.49:241][814]LogModuleManager: Shutting down and abandoning module PacketHandler (240)
[2019.02.25-13.10.49:241][814]LogModuleManager: Shutting down and abandoning module ClothingSystemEditor (238)
[2019.02.25-13.10.49:241][814]LogModuleManager: Shutting down and abandoning module ClothingSystemRuntime (236)
[2019.02.25-13.10.49:241][814]LogModuleManager: Shutting down and abandoning module MediaAssets (234)
[2019.02.25-13.10.49:241][814]LogModuleManager: Shutting down and abandoning module Overlay (232)
[2019.02.25-13.10.49:241][814]LogModuleManager: Shutting down and abandoning module OverlayEditor (231)
[2019.02.25-13.10.49:241][814]LogModuleManager: Shutting down and abandoning module VREditor (228)
[2019.02.25-13.10.49:242][814]LogModuleManager: Shutting down and abandoning module StringTableEditor (226)
[2019.02.25-13.10.49:242][814]LogModuleManager: Shutting down and abandoning module GameplayTasksEditor (224)
[2019.02.25-13.10.49:242][814]LogModuleManager: Shutting down and abandoning module BehaviorTreeEditor (222)
[2019.02.25-13.10.49:242][814]LogModuleManager: Shutting down and abandoning module FunctionalTesting (220)
[2019.02.25-13.10.49:242][814]LogModuleManager: Shutting down and abandoning module CollisionAnalyzer (218)
[2019.02.25-13.10.49:242][814]LogModuleManager: Shutting down and abandoning module WorkspaceMenuStructure (217)
[2019.02.25-13.10.49:243][814]LogModuleManager: Shutting down and abandoning module UMG (214)
[2019.02.25-13.10.49:244][814]LogModuleManager: Shutting down and abandoning module UMGEditor (213)
[2019.02.25-13.10.49:244][814]LogModuleManager: Shutting down and abandoning module Sequencer (212)
[2019.02.25-13.10.49:352][814]LogModuleManager: Shutting down and abandoning module MessageLog (209)
[2019.02.25-13.10.49:353][814]LogModuleManager: Shutting down and abandoning module SlateReflector (204)
[2019.02.25-13.10.49:353][814]LogModuleManager: Shutting down and abandoning module Slate (202)
[2019.02.25-13.10.49:353][814]LogModuleManager: Shutting down and abandoning module EditorStyle (200)
[2019.02.25-13.10.49:362][814]LogModuleManager: Shutting down and abandoning module MRMesh (198)
[2019.02.25-13.10.49:362][814]LogModuleManager: Shutting down and abandoning module SourceCodeAccess (196)
[2019.02.25-13.10.49:362][814]LogModuleManager: Shutting down and abandoning module HeadMountedDisplay (194)
[2019.02.25-13.10.49:362][814]LogModuleManager: Shutting down and abandoning module XAudio2 (192)
[2019.02.25-13.10.49:362][814]LogModuleManager: Shutting down and abandoning module Networking (190)
[2019.02.25-13.10.49:362][814]LogModuleManager: Shutting down and abandoning module Core (188)
[2019.02.25-13.10.49:362][814]LogModuleManager: Shutting down and abandoning module LevelSequence (186)
[2019.02.25-13.10.49:362][814]LogModuleManager: Shutting down and abandoning module KismetCompiler (184)
[2019.02.25-13.10.49:362][814]LogModuleManager: Shutting down and abandoning module MeshUtilities (182)
[2019.02.25-13.10.49:362][814]LogModuleManager: Shutting down and abandoning module MeshMergeUtilities (181)
[2019.02.25-13.10.49:363][814]LogModuleManager: Shutting down and abandoning module MeshReductionInterface (180)
[2019.02.25-13.10.49:363][814]LogModuleManager: Shutting down and abandoning module SimplygonSwarm (179)
[2019.02.25-13.10.49:363][814]LogModuleManager: Shutting down and abandoning module ProxyLODMeshReduction (177)
[2019.02.25-13.10.49:363][814]LogModuleManager: Shutting down and abandoning module SimplygonMeshReduction (175)
[2019.02.25-13.10.49:363][814]LogModuleManager: Shutting down and abandoning module QuadricMeshReduction (173)
[2019.02.25-13.10.49:363][814]LogModuleManager: Shutting down and abandoning module MaterialBaking (169)
[2019.02.25-13.10.49:363][814]LogModuleManager: Shutting down and abandoning module DirectoryWatcher (165)
[2019.02.25-13.10.49:368][814]LogModuleManager: Shutting down and abandoning module DerivedDataCache (162)
[2019.02.25-13.10.49:405][814]LogDerivedDataCache: Shutdown
[2019.02.25-13.10.49:405][814]LogModuleManager: Shutting down and abandoning module XGEController (160)
[2019.02.25-13.10.49:405][814]LogXGEController: Cleaning working directory: C:/Users/visva/AppData/Local/Temp/UnrealXGEWorkingDir/
[2019.02.25-13.10.49:406][814]LogModuleManager: Shutting down and abandoning module TargetPlatform (158)
[2019.02.25-13.10.49:406][814]LogModuleManager: Shutting down and abandoning module VulkanShaderFormat (157)
[2019.02.25-13.10.49:406][814]LogModuleManager: Shutting down and abandoning module ShaderFormatVectorVM (155)
[2019.02.25-13.10.49:406][814]LogModuleManager: Shutting down and abandoning module ShaderFormatOpenGL (153)
[2019.02.25-13.10.49:406][814]LogModuleManager: Shutting down and abandoning module ShaderFormatD3D (151)
[2019.02.25-13.10.49:406][814]LogModuleManager: Shutting down and abandoning module MetalShaderFormat (149)
[2019.02.25-13.10.49:407][814]LogModuleManager: Shutting down and abandoning module TextureFormatUncompressed (147)
[2019.02.25-13.10.49:407][814]LogModuleManager: Shutting down and abandoning module TextureFormatPVR (145)
[2019.02.25-13.10.49:407][814]LogModuleManager: Shutting down and abandoning module TextureFormatDXT (143)
[2019.02.25-13.10.49:407][814]LogModuleManager: Shutting down and abandoning module TextureFormatIntelISPCTexComp (141)
[2019.02.25-13.10.49:407][814]LogModuleManager: Shutting down and abandoning module TextureFormatASTC (139)
[2019.02.25-13.10.49:407][814]LogModuleManager: Shutting down and abandoning module ImageWrapper (138)
[2019.02.25-13.10.49:407][814]LogModuleManager: Shutting down and abandoning module TextureFormatAndroid (135)
[2019.02.25-13.10.49:407][814]LogModuleManager: Shutting down and abandoning module AudioFormatOpus (133)
[2019.02.25-13.10.49:407][814]LogModuleManager: Shutting down and abandoning module AudioFormatOgg (131)
[2019.02.25-13.10.49:407][814]LogModuleManager: Shutting down and abandoning module AudioFormatADPCM (129)
[2019.02.25-13.10.49:408][814]LogModuleManager: Shutting down and abandoning module LuminTargetPlatform (127)
[2019.02.25-13.10.49:441][814]LogModuleManager: Shutting down and abandoning module LinuxTargetPlatform (125)
[2019.02.25-13.10.49:442][814]LogModuleManager: Shutting down and abandoning module LinuxServerTargetPlatform (123)
[2019.02.25-13.10.49:480][814]LogModuleManager: Shutting down and abandoning module LinuxNoEditorTargetPlatform (121)
[2019.02.25-13.10.49:506][814]LogModuleManager: Shutting down and abandoning module LinuxClientTargetPlatform (119)
[2019.02.25-13.10.49:528][814]LogModuleManager: Shutting down and abandoning module TVOSTargetPlatform (117)
[2019.02.25-13.10.49:641][814]LogModuleManager: Shutting down and abandoning module Messaging (115)
[2019.02.25-13.10.49:641][814]LogModuleManager: Shutting down and abandoning module IOSTargetPlatform (113)
[2019.02.25-13.10.49:654][814]LogModuleManager: Shutting down and abandoning module HTML5TargetPlatform (111)
[2019.02.25-13.10.49:654][814]LogModuleManager: Shutting down and abandoning module AndroidTargetPlatform (109)
[2019.02.25-13.10.49:706][814]LogModuleManager: Shutting down and abandoning module WindowsTargetPlatform (107)
[2019.02.25-13.10.49:706][814]LogModuleManager: Shutting down and abandoning module WindowsServerTargetPlatform (105)
[2019.02.25-13.10.49:706][814]LogModuleManager: Shutting down and abandoning module WindowsNoEditorTargetPlatform (103)
[2019.02.25-13.10.49:706][814]LogModuleManager: Shutting down and abandoning module WindowsClientTargetPlatform (101)
[2019.02.25-13.10.49:706][814]LogModuleManager: Shutting down and abandoning module MacTargetPlatform (99)
[2019.02.25-13.10.49:706][814]LogModuleManager: Shutting down and abandoning module MacServerTargetPlatform (97)
[2019.02.25-13.10.49:725][814]LogModuleManager: Shutting down and abandoning module MacNoEditorTargetPlatform (95)
[2019.02.25-13.10.49:768][814]LogModuleManager: Shutting down and abandoning module MacClientTargetPlatform (93)
[2019.02.25-13.10.49:800][814]LogModuleManager: Shutting down and abandoning module AllDesktopTargetPlatform (91)
[2019.02.25-13.10.49:800][814]LogModuleManager: Shutting down and abandoning module InputCore (88)
[2019.02.25-13.10.49:800][814]LogModuleManager: Shutting down and abandoning module Settings (86)
[2019.02.25-13.10.49:800][814]LogModuleManager: Shutting down and abandoning module PhysXCooking (84)
[2019.02.25-13.10.49:800][814]LogModuleManager: Shutting down and abandoning module SteamVR (82)
[2019.02.25-13.10.49:801][814]LogModuleManager: Shutting down and abandoning module OculusHMD (80)
[2019.02.25-13.10.49:801][814]LogModuleManager: Shutting down and abandoning module ExampleDeviceProfileSelector (78)
[2019.02.25-13.10.49:801][814]LogModuleManager: Shutting down and abandoning module LauncherChunkInstaller (76)
[2019.02.25-13.10.49:801][814]LogModuleManager: Shutting down and abandoning module OnlineBlueprintSupport (74)
[2019.02.25-13.10.49:801][814]LogModuleManager: Shutting down and abandoning module OnlineSubsystem (70)
[2019.02.25-13.10.49:801][814]LogModuleManager: Shutting down and abandoning module XMPP (65)
[2019.02.25-13.10.49:802][814]LogModuleManager: Shutting down and abandoning module WebSockets (64)
[2019.02.25-13.10.49:811][814]LogModuleManager: Shutting down and abandoning module HTTP (61)
[2019.02.25-13.10.49:811][814]LogHttp: Display: Http module shutting down, but needs to wait on 1 outstanding Http requests:
[2019.02.25-13.10.49:812][814]LogHttp: Display: 	verb=[POST] url=[https://datarouter.ol.epicgames.com/datarouter/api/v1/public/data?SessionID=%7B3D3DBD06-4341-7B46-A831-0F8876545C34%7D&AppID=UEEditor.Rocket.Release&AppVersion=4.20.2-4302132%2B%2B%2BUE4%2BRelease-4.20&UserID=afef5eda4bd464d0e87e01af80b7ea49%7C810c48dd16d545d8b651e1cd1d994da6%7Cbc8f55a3-a2e9-45cb-b593-95cad7c63b4d&AppEnvironment=datacollector-binary&UploadType=eteventstream] status=Processing
[2019.02.25-13.10.49:845][814]LogModuleManager: Shutting down and abandoning module SSL (60)
[2019.02.25-13.10.49:847][814]LogModuleManager: Shutting down and abandoning module MagicLeapEmulator (56)
[2019.02.25-13.10.49:848][814]LogModuleManager: Shutting down and abandoning module MagicLeapPrivileges (54)
[2019.02.25-13.10.49:848][814]LogModuleManager: Shutting down and abandoning module MagicLeapIdentity (52)
[2019.02.25-13.10.49:848][814]LogModuleManager: Shutting down and abandoning module MagicLeapHelperVulkan (50)
[2019.02.25-13.10.49:848][814]LogModuleManager: Shutting down and abandoning module MagicLeapHelperOpenGL (48)
[2019.02.25-13.10.49:848][814]LogModuleManager: Shutting down and abandoning module MagicLeapSecureStorage (46)
[2019.02.25-13.10.49:848][814]LogModuleManager: Shutting down and abandoning module MagicLeapGestures (44)
[2019.02.25-13.10.49:848][814]LogModuleManager: Shutting down and abandoning module MagicLeapEyeTracker (42)
[2019.02.25-13.10.49:848][814]LogModuleManager: Shutting down and abandoning module MagicLeapController (40)
[2019.02.25-13.10.49:848][814]LogSlate: Slate User Destroyed.  User Index 0, Is Virtual User: 0
[2019.02.25-13.10.49:849][814]LogModuleManager: Shutting down and abandoning module MagicLeap (38)
[2019.02.25-13.10.49:849][814]LogModuleManager: Shutting down and abandoning module AnimationModifiers (36)
[2019.02.25-13.10.49:849][814]LogModuleManager: Shutting down and abandoning module PropertyEditor (35)
[2019.02.25-13.10.49:978][814]LogModuleManager: Shutting down and abandoning module AudioEditor (32)
[2019.02.25-13.10.49:978][814]LogModuleManager: Shutting down and abandoning module TextureCompressor (30)
[2019.02.25-13.10.49:978][814]LogModuleManager: Shutting down and abandoning module ShaderCore (28)
[2019.02.25-13.10.49:978][814]LogModuleManager: Shutting down and abandoning module Landscape (26)
[2019.02.25-13.10.49:978][814]LogModuleManager: Shutting down and abandoning module SlateRHIRenderer (24)
[2019.02.25-13.10.49:979][814]LogModuleManager: Shutting down and abandoning module OpenGLDrv (22)
[2019.02.25-13.10.49:979][814]LogModuleManager: Shutting down and abandoning module D3D11RHI (20)
[2019.02.25-13.10.49:979][814]LogModuleManager: Shutting down and abandoning module AnimGraphRuntime (18)
[2019.02.25-13.10.49:979][814]LogModuleManager: Shutting down and abandoning module Renderer (16)
[2019.02.25-13.10.49:979][814]LogModuleManager: Shutting down and abandoning module Engine (14)
[2019.02.25-13.10.49:979][814]LogModuleManager: Shutting down and abandoning module CoreUObject (12)
[2019.02.25-13.10.49:979][814]LogModuleManager: Shutting down and abandoning module NetworkFile (10)
[2019.02.25-13.10.49:979][814]LogModuleManager: Shutting down and abandoning module CookedIterativeFile (8)
[2019.02.25-13.10.49:979][814]LogModuleManager: Shutting down and abandoning module StreamingFile (6)
[2019.02.25-13.10.49:979][814]LogModuleManager: Shutting down and abandoning module SandboxFile (4)
[2019.02.25-13.10.49:979][814]LogModuleManager: Shutting down and abandoning module PakFile (2)
[2019.02.25-13.10.49:984][814]LogExit: Exiting.
[2019.02.25-13.10.49:995][814]Log file closed, 02/25/19 08:10:49
